<?xml version="1.0" encoding="UTF-8"?>
<!-- Generated by org.testng.reporters.JUnitReportReporter -->
<testsuite hostname="MTPMX230" failures="0" tests="2" name="com.demo.Login" time="13.944" errors="0" timestamp="09 ago. 2022 21:47:57 GMT" skipped="1">
  <testcase classname="com.demo.Login" name="testLogin" time="13.944"/>
  <testcase classname="com.demo.Login" name="testFlight">
    <skipped/>
  </testcase> <!-- testFlight -->
</testsuite> <!-- com.demo.Login -->
