<?xml version="1.0" encoding="UTF-8"?>
<!-- Generated by org.testng.reporters.JUnitReportReporter -->
<testsuite hostname="MTPMX230" failures="0" tests="5" name="com.demo.Project" time="19.030" errors="0" timestamp="09 ago. 2022 21:10:07 GMT" skipped="4">
  <testcase classname="com.demo.Project" name="testDropdown" time="19.030"/>
  <testcase classname="com.demo.Project" name="testTitleInUserField">
    <skipped/>
  </testcase> <!-- testTitleInUserField -->
  <testcase classname="com.demo.Project" name="testLogin">
    <skipped/>
  </testcase> <!-- testLogin -->
  <testcase classname="com.demo.Project" name="testFlight">
    <skipped/>
  </testcase> <!-- testFlight -->
  <testcase classname="com.demo.Project" name="testTotalFields">
    <skipped/>
  </testcase> <!-- testTotalFields -->
</testsuite> <!-- com.demo.Project -->
