<?xml version="1.0" encoding="UTF-8"?>
<!-- Generated by org.testng.reporters.JUnitReportReporter -->
<testsuite hostname="MTPMX230" failures="0" tests="8" name="com.demo.Asserts" time="0.015" errors="0" timestamp="08 ago. 2022 20:25:13 GMT" skipped="0">
  <testcase classname="com.demo.Asserts" name="testNoNulo" time="0.001"/>
  <testcase classname="com.demo.Asserts" name="testNumerosIguales" time="0.000"/>
  <testcase classname="com.demo.Asserts" name="testNumerosNoIguales" time="0.001"/>
  <testcase classname="com.demo.Asserts" name="testNotMismoObjeto" time="0.001"/>
  <testcase classname="com.demo.Asserts" name="testNumeroFalso" time="0.000"/>
  <testcase classname="com.demo.Asserts" name="testMismoObjeto" time="0.002"/>
  <testcase classname="com.demo.Asserts" name="testNumeroVerdadero" time="0.001"/>
  <testcase classname="com.demo.Asserts" name="testDeNulo" time="0.009"/>
</testsuite> <!-- com.demo.Asserts -->
