<?xml version="1.0" encoding="UTF-8"?>
<!-- Generated by org.testng.reporters.JUnitReportReporter -->
<testsuite hostname="MTPMX230" failures="0" tests="4" name="com.demo.Project" time="50.203" errors="0" timestamp="09 ago. 2022 15:10:52 GMT" skipped="0">
  <testcase classname="com.demo.Project" name="testCantidadCampos" time="7.165"/>
  <testcase classname="com.demo.Project" name="testFlight" time="11.818"/>
  <testcase classname="com.demo.Project" name="testLogin" time="13.185"/>
  <testcase classname="com.demo.Project" name="testDropdown" time="18.035"/>
</testsuite> <!-- com.demo.Project -->
