<?xml version="1.0" encoding="UTF-8"?>
<!-- Generated by org.testng.reporters.JUnitReportReporter -->
<testsuite hostname="MTPMX230" failures="0" tests="5" name="com.demo.Project" time="58.211" errors="0" timestamp="09 ago. 2022 18:57:21 GMT" skipped="0">
  <testcase classname="com.demo.Project" name="testDropdown" time="18.030"/>
  <testcase classname="com.demo.Project" name="testTitleInUserField" time="7.507"/>
  <testcase classname="com.demo.Project" name="testTotalFields" time="6.278"/>
  <testcase classname="com.demo.Project" name="testFlight" time="12.052"/>
  <testcase classname="com.demo.Project" name="testLogin" time="14.344"/>
</testsuite> <!-- com.demo.Project -->
