<?xml version="1.0" encoding="UTF-8"?>
<!-- Generated by org.testng.reporters.JUnitReportReporter -->
<testsuite hostname="MTPMX230" failures="0" tests="5" name="com.demo.Project" time="62.181" errors="0" timestamp="09 ago. 2022 17:42:43 GMT" skipped="0">
  <testcase classname="com.demo.Project" name="testDropdown" time="16.169"/>
  <testcase classname="com.demo.Project" name="testTitleInUserField" time="5.414"/>
  <testcase classname="com.demo.Project" name="testTotalFields" time="5.327"/>
  <testcase classname="com.demo.Project" name="testFlight" time="22.028"/>
  <testcase classname="com.demo.Project" name="testLogin" time="13.243"/>
</testsuite> <!-- com.demo.Project -->
